app/build/outputs/logs/manifest-merger-debug-report.txt
-- Merging decision tree log ---
manifest
ADDED from src/main/AndroidManifest.xml:2:1-35:12
INJECTED from src/main/AndroidManifest.xml:2:1-35:12
INJECTED from src/main/AndroidManifest.xml:2:1-35:12
INJECTED from src/main/AndroidManifest.xml:2:1-35:12
INJECTED from src/main/AndroidManifest.xml:2:1-35:12
INJECTED from src/main/AndroidManifest.xml:2:1-35:12
INJECTED from src/main/AndroidManifest.xml:2:1-35:12
	package
		ADDED from src/main/AndroidManifest.xml:3:5-35
		INJECTED from src/main/AndroidManifest.xml
		INJECTED from src/main/AndroidManifest.xml
	android:versionName
		ADDED from src/main/AndroidManifest.xml:5:5-30
		INJECTED from src/main/AndroidManifest.xml
		INJECTED from src/main/AndroidManifest.xml
	xmlns:android
		ADDED from src/main/AndroidManifest.xml:2:11-69
	android:versionCode
		ADDED from src/main/AndroidManifest.xml:4:5-28
		INJECTED from src/main/AndroidManifest.xml
		INJECTED from src/main/AndroidManifest.xml
uses-sdk
ADDED from src/main/AndroidManifest.xml:8:5-43
INJECTED from src/main/AndroidManifest.xml:8:5-43
INJECTED from src/main/AndroidManifest.xml:8:5-43
INJECTED from src/main/AndroidManifest.xml:8:5-43
INJECTED from src/main/AndroidManifest.xml:8:5-43
	android:targetSdkVersion
		INJECTED from src/main/AndroidManifest.xml
		ADDED from src/main/AndroidManifest.xml:8:5-43
		INJECTED from src/main/AndroidManifest.xml
	android:minSdkVersion
		ADDED from src/main/AndroidManifest.xml:8:15-40
		INJECTED from src/main/AndroidManifest.xml
		INJECTED from src/main/AndroidManifest.xml
uses-permission#android.permission.CAMERA
ADDED from src/main/AndroidManifest.xml:9:5-64
	android:name
		ADDED from src/main/AndroidManifest.xml:9:22-62
uses-permission#android.permission.RECORD_AUDIO
ADDED from src/main/AndroidManifest.xml:10:5-70
	android:name
		ADDED from src/main/AndroidManifest.xml:10:22-68
uses-permission#android.permission.WRITE_EXTERNAL_STORAGE
ADDED from src/main/AndroidManifest.xml:11:5-80
	android:name
		ADDED from src/main/AndroidManifest.xml:11:22-78
uses-feature#android.hardware.camera
ADDED from src/main/AndroidManifest.xml:13:5-60
	android:name
		ADDED from src/main/AndroidManifest.xml:13:19-57
uses-feature#android.hardware.camera.autofocus
ADDED from src/main/AndroidManifest.xml:14:5-70
	android:name
		ADDED from src/main/AndroidManifest.xml:14:19-67
application
ADDED from src/main/AndroidManifest.xml:16:5-33:19
	android:label
		ADDED from src/main/AndroidManifest.xml:18:9-41
	android:icon
		ADDED from src/main/AndroidManifest.xml:17:9-45
activity#com.dinesh.devcamera.DevCameraActivity
ADDED from src/main/AndroidManifest.xml:19:9-30:20
	android:screenOrientation
		ADDED from src/main/AndroidManifest.xml:22:13-50
	android:label
		ADDED from src/main/AndroidManifest.xml:20:13-45
	android:theme
		ADDED from src/main/AndroidManifest.xml:23:13-71
	android:name
		ADDED from src/main/AndroidManifest.xml:21:13-66
intent-filter#action:name:android.intent.action.MAIN+category:name:android.intent.category.LAUNCHER
ADDED from src/main/AndroidManifest.xml:25:13-29:29
action#android.intent.action.MAIN
ADDED from src/main/AndroidManifest.xml:26:17-69
	android:name
		ADDED from src/main/AndroidManifest.xml:26:25-66
category#android.intent.category.LAUNCHER
ADDED from src/main/AndroidManifest.xml:28:17-77
	android:name
		ADDED from src/main/AndroidManifest.xml:28:27-74
activity#com.dinesh.devcamera.NoCamera
ADDED from src/main/AndroidManifest.xml:31:9-134
	android:theme
		ADDED from src/main/AndroidManifest.xml:31:64-122
	android:name
		ADDED from src/main/AndroidManifest.xml:31:19-63
activity#com.dinesh.devcamera.NoSDCard
ADDED from src/main/AndroidManifest.xml:32:9-134
	android:theme
		ADDED from src/main/AndroidManifest.xml:32:64-122
	android:name
		ADDED from src/main/AndroidManifest.xml:32:19-63